<?xml version="1.0" encoding="UTF-8"?>
<!-- Generated by org.testng.reporters.JUnitReportReporter -->
<testsuite skipped="0" hostname="SAMITHA4092" name="UserRoleMgtTest" tests="1" failures="0" timestamp="09 Jan 2019 11:29:13 GMT" time="31.102" errors="0">
  <testcase name="AssignTasksToUserRole" time="31.102" classname="UserRoleMgtTest"/>
</testsuite> <!-- UserRoleMgtTest -->
