<?xml version="1.0" encoding="UTF-8"?>
<!-- Generated by org.testng.reporters.JUnitReportReporter -->
<testsuite skipped="0" hostname="SAMITHA4092" name="LoginT" tests="1" failures="0" timestamp="21 Dec 2018 05:21:14 GMT" time="11.336" errors="0">
  <testcase name="ValidLogin" time="11.336" classname="LoginT"/>
</testsuite> <!-- LoginT -->
