<?xml version="1.0" encoding="UTF-8"?>
<!-- Generated by org.testng.reporters.JUnitReportReporter -->
<testsuite skipped="0" hostname="SAMITHA4092" name="UserMgtTest" tests="1" failures="0" timestamp="02 Jan 2019 07:30:10 GMT" time="37.040" errors="0">
  <testcase name="UserCreate" time="37.040" classname="UserMgtTest"/>
</testsuite> <!-- UserMgtTest -->
