<?xml version="1.0" encoding="UTF-8"?>
<!-- Generated by org.testng.reporters.JUnitReportReporter -->
<testsuite skipped="0" hostname="SAMITHA4092" name="UserMgtTest" tests="1" failures="0" timestamp="09 Jan 2019 04:10:45 GMT" time="30.316" errors="0">
  <testcase name="UserRoleSearch" time="30.316" classname="UserMgtTest"/>
</testsuite> <!-- UserMgtTest -->
