<?xml version="1.0" encoding="UTF-8"?>
<!-- Generated by org.testng.reporters.JUnitReportReporter -->
<testsuite skipped="0" hostname="SAMITHA4092" name="UserMgtTest" tests="1" failures="0" timestamp="17 Dec 2018 06:45:40 GMT" time="11.510" errors="0">
  <testcase name="UserCreate" time="11.510" classname="UserMgtTest"/>
</testsuite> <!-- UserMgtTest -->
